<?xml version="1.0" encoding="UTF-8"?>
<!-- Generated by org.testng.reporters.JUnitReportReporter -->
<testsuite skipped="0" hostname="WL359004" name="com.CucumberFramework.TestNGrunners.RunCucumberTests_Smoke" tests="1" failures="0" timestamp="18 Jan 2019 12:33:35 GMT" time="24.171" errors="0">
  <testcase name="Regression Tests of MOVE in iOS Perfecto for iPhone 7 - feature - " time="24.171" classname="com.CucumberFramework.TestNGrunners.RunCucumberTests_Smoke"/>
</testsuite> <!-- com.CucumberFramework.TestNGrunners.RunCucumberTests_Smoke -->
