<?xml version="1.0" encoding="UTF-8"?>
<!-- Generated by org.testng.reporters.JUnitReportReporter -->
<testsuite skipped="0" hostname="WL359004" name="com.CucumberFramework.TestNGrunners.RunCucumberTests_Smoke" tests="1" failures="0" timestamp="18 Jan 2019 10:28:36 GMT" time="0.933" errors="0">
  <testcase name="feature" time="0.933" classname="com.CucumberFramework.TestNGrunners.RunCucumberTests_Smoke"/>
</testsuite> <!-- com.CucumberFramework.TestNGrunners.RunCucumberTests_Smoke -->
